<?xml version="1.0" encoding="UTF-8"?>
<testsuite name="KmpTest" tests="5" skipped="0" failures="0" errors="0" timestamp="2021-10-10T17:44:16" hostname="mbp-kirill" time="0.406">
  <properties/>
  <testcase name="check_with_no_existing_file()" classname="KmpTest" time="0.016"/>
  <testcase name="check_with_big_test()" classname="KmpTest" time="0.384"/>
  <testcase name="check_substring_with_substring()" classname="KmpTest" time="0.001"/>
  <testcase name="check_with_no_existing_substring()" classname="KmpTest" time="0.001"/>
  <testcase name="check_empty_file()" classname="KmpTest" time="0.002"/>
  <system-out><![CDATA[]]></system-out>
  <system-err><![CDATA[]]></system-err>
</testsuite>
