<?xml version="1.0" encoding="UTF-8"?>
<testsuite name="CheckerTest" tests="6" skipped="0" failures="0" errors="0" timestamp="2022-03-29T07:53:35" hostname="MacBook-Pro-Kirill.local" time="0.221">
  <properties/>
  <testcase name="sequentialTest()" classname="CheckerTest" time="0.095"/>
  <testcase name="streamTest()" classname="CheckerTest" time="0.022"/>
  <testcase name="threadTest16()" classname="CheckerTest" time="0.021"/>
  <testcase name="threadTest2()" classname="CheckerTest" time="0.042"/>
  <testcase name="threadTest4()" classname="CheckerTest" time="0.022"/>
  <testcase name="threadTest8()" classname="CheckerTest" time="0.016"/>
  <system-out><![CDATA[]]></system-out>
  <system-err><![CDATA[]]></system-err>
</testsuite>
