<?xml version="1.0" encoding="UTF-8"?>
<testsuite name="GradeBookTest" tests="4" skipped="0" failures="0" errors="0" timestamp="2021-11-14T15:00:11" hostname="mbp-kirill" time="0.021">
  <properties/>
  <testcase name="TestAllExcellent()" classname="GradeBookTest" time="0.015"/>
  <testcase name="ExceptionsSemestersCheck()" classname="GradeBookTest" time="0.002"/>
  <testcase name="TestAllMine()" classname="GradeBookTest" time="0.001"/>
  <testcase name="ExceptionsMarksCheck()" classname="GradeBookTest" time="0.001"/>
  <system-out><![CDATA[]]></system-out>
  <system-err><![CDATA[]]></system-err>
</testsuite>
