<?xml version="1.0" encoding="UTF-8"?>
<testsuite name="Tests" tests="4" skipped="0" failures="0" errors="0" timestamp="2022-05-17T07:38:19" hostname="MacBook-Pro-Kirill.local" time="1.064">
  <properties/>
  <testcase name="pizzaTest()" classname="Tests" time="0.022"/>
  <testcase name="dataForSystemTest()" classname="Tests" time="0.032"/>
  <testcase name="storageTest()" classname="Tests" time="1.006"/>
  <testcase name="orderTest()" classname="Tests" time="0.002"/>
  <system-out><![CDATA[Deliveryman done..
Deliveryman done..
]]></system-out>
  <system-err><![CDATA[]]></system-err>
</testsuite>
