<?xml version="1.0" encoding="UTF-8"?>
<testsuite name="GradesTest" tests="3" skipped="0" failures="0" errors="0" timestamp="2021-11-08T09:23:45" hostname="MacBook-Pro-Kirill.local" time="0.007">
  <properties/>
  <testcase name="AverageTest" classname="GradesTest" time="0.004"/>
  <testcase name="ScholarshipTest" classname="GradesTest" time="0.0"/>
  <testcase name="DiplomaTest" classname="GradesTest" time="0.003"/>
  <system-out><![CDATA[]]></system-out>
  <system-err><![CDATA[]]></system-err>
</testsuite>
