<?xml version="1.0" encoding="UTF-8"?>
<testsuite name="recordbook.BookTest" tests="3" skipped="0" failures="0" errors="0" timestamp="2021-11-08T10:50:27" hostname="MacBook-Pro-Kirill.local" time="0.018">
  <properties/>
  <testcase name="testNumSemesters()" classname="recordbook.BookTest" time="0.011"/>
  <testcase name="testIncreasedStipend_testAverage()" classname="recordbook.BookTest" time="0.004"/>
  <testcase name="testRedDiploma()" classname="recordbook.BookTest" time="0.002"/>
  <system-out><![CDATA[]]></system-out>
  <system-err><![CDATA[]]></system-err>
</testsuite>
